[debug] [2018-01-11T09:57:15.284Z] ----------------------------------------------------------------------
[debug] [2018-01-11T09:57:15.287Z] Command:       C:\Program Files\nodejs\node.exe C:\Users\jess20\AppData\Roaming\npm\node_modules\firebase-tools\bin\firebase serve
[debug] [2018-01-11T09:57:15.287Z] CLI Version:   3.16.0
[debug] [2018-01-11T09:57:15.287Z] Platform:      win32
[debug] [2018-01-11T09:57:15.287Z] Node Version:  v8.9.3
[debug] [2018-01-11T09:57:15.287Z] Time:          Thu Jan 11 2018 04:57:15 GMT-0500 (Hora est. Pacífico, Sudamérica)
[debug] [2018-01-11T09:57:15.287Z] ----------------------------------------------------------------------
[debug] 
[debug] [2018-01-11T09:57:15.305Z] > command requires scopes: ["email","openid","https://www.googleapis.com/auth/cloudplatformprojects.readonly","https://www.googleapis.com/auth/firebase","https://www.googleapis.com/auth/cloud-platform"]
[debug] [2018-01-11T09:57:15.306Z] > authorizing via signed-in user
[debug] [2018-01-11T09:57:15.308Z] > refreshing access token with scopes: ["email","https://www.googleapis.com/auth/cloud-platform","https://www.googleapis.com/auth/cloudplatformprojects.readonly","https://www.googleapis.com/auth/firebase","openid"]
[debug] [2018-01-11T09:57:15.308Z] >>> HTTP REQUEST POST https://www.googleapis.com/oauth2/v3/token  
 { refresh_token: '1/DsYgzIXW7OY1JwZvhkaHwtKMjHhAsKg7KKvMWUbLTSjk5U51LmkX-fdjsLEVHOnm',
  client_id: '563584335869-fgrhgmd47bqnekij5i8b5pr03ho849e6.apps.googleusercontent.com',
  client_secret: 'j9iVZfS8kkCEFUPaAeJV0sAi',
  grant_type: 'refresh_token',
  scope: 'email https://www.googleapis.com/auth/cloud-platform https://www.googleapis.com/auth/cloudplatformprojects.readonly https://www.googleapis.com/auth/firebase openid' } 
 Thu Jan 11 2018 04:57:15 GMT-0500 (Hora est. Pacífico, Sudamérica)
[debug] [2018-01-11T09:57:15.800Z] <<< HTTP RESPONSE 200
[debug] [2018-01-11T09:57:15.830Z] >>> HTTP REQUEST GET https://admin.firebase.com/v1/projects/redsocial-f8ee9  
  
 Thu Jan 11 2018 04:57:15 GMT-0500 (Hora est. Pacífico, Sudamérica)
[debug] [2018-01-11T09:57:16.648Z] <<< HTTP RESPONSE 200
[debug] [2018-01-11T09:57:16.649Z] >>> HTTP REQUEST GET https://admin.firebase.com/v1/database/redsocial-f8ee9/tokens  
  
 Thu Jan 11 2018 04:57:16 GMT-0500 (Hora est. Pacífico, Sudamérica)
[debug] [2018-01-11T09:57:17.563Z] <<< HTTP RESPONSE 200
[info] 
[info] === Serving from 'C:\Users\jess20'...
[info] 
[debug] [2018-01-11T09:57:17.569Z] >>> HTTP REQUEST GET https://cloudresourcemanager.googleapis.com/v1/projects/redsocial-f8ee9  
  
 Thu Jan 11 2018 04:57:17 GMT-0500 (Hora est. Pacífico, Sudamérica)
[debug] [2018-01-11T09:57:18.168Z] <<< HTTP RESPONSE 200
[debug] [2018-01-11T09:57:18.171Z] >>> HTTP REQUEST GET https://mobilesdk-pa.googleapis.com/v1/projects/785750535804/clients/_:getWebAppConfig  
  
 Thu Jan 11 2018 04:57:18 GMT-0500 (Hora est. Pacífico, Sudamérica)
[debug] [2018-01-11T09:57:19.032Z] <<< HTTP RESPONSE 200
[debug] [2018-01-11T09:57:19.194Z] TypeError: Cannot read property 'public' of undefined
    at Server.<anonymous> (C:\Users\jess20\AppData\Roaming\npm\node_modules\firebase-tools\lib\serve\hosting.js:34:18)
    at Object.onceWrapper (events.js:313:30)
    at emitNone (events.js:106:13)
    at Server.emit (events.js:208:7)
    at emitListeningNT (net.js:1378:10)
    at _combinedTickCallback (internal/process/next_tick.js:135:11)
    at process._tickDomainCallback (internal/process/next_tick.js:218:9)
[error] 
[error] Error: An unexpected error has occurred.
[debug] [2018-01-11T09:57:40.438Z] ----------------------------------------------------------------------
[debug] [2018-01-11T09:57:40.440Z] Command:       C:\Program Files\nodejs\node.exe C:\Users\jess20\AppData\Roaming\npm\node_modules\firebase-tools\bin\firebase serve
[debug] [2018-01-11T09:57:40.440Z] CLI Version:   3.16.0
[debug] [2018-01-11T09:57:40.440Z] Platform:      win32
[debug] [2018-01-11T09:57:40.440Z] Node Version:  v8.9.3
[debug] [2018-01-11T09:57:40.441Z] Time:          Thu Jan 11 2018 04:57:40 GMT-0500 (Hora est. Pacífico, Sudamérica)
[debug] [2018-01-11T09:57:40.441Z] ----------------------------------------------------------------------
[debug] 
[debug] [2018-01-11T09:57:40.456Z] > command requires scopes: ["email","openid","https://www.googleapis.com/auth/cloudplatformprojects.readonly","https://www.googleapis.com/auth/firebase","https://www.googleapis.com/auth/cloud-platform"]
[debug] [2018-01-11T09:57:40.456Z] > authorizing via signed-in user
[debug] [2018-01-11T09:57:40.459Z] >>> HTTP REQUEST GET https://admin.firebase.com/v1/projects/redsocial-f8ee9  
  
 Thu Jan 11 2018 04:57:40 GMT-0500 (Hora est. Pacífico, Sudamérica)
[debug] [2018-01-11T09:57:41.185Z] <<< HTTP RESPONSE 200
[debug] [2018-01-11T09:57:41.187Z] >>> HTTP REQUEST GET https://admin.firebase.com/v1/database/redsocial-f8ee9/tokens  
  
 Thu Jan 11 2018 04:57:41 GMT-0500 (Hora est. Pacífico, Sudamérica)
[debug] [2018-01-11T09:57:41.703Z] <<< HTTP RESPONSE 200
[info] 
[info] === Serving from 'C:\Users\jess20'...
[info] 
[debug] [2018-01-11T09:57:41.706Z] >>> HTTP REQUEST GET https://cloudresourcemanager.googleapis.com/v1/projects/redsocial-f8ee9  
  
 Thu Jan 11 2018 04:57:41 GMT-0500 (Hora est. Pacífico, Sudamérica)
[debug] [2018-01-11T09:57:42.201Z] <<< HTTP RESPONSE 200
[debug] [2018-01-11T09:57:42.205Z] >>> HTTP REQUEST GET https://mobilesdk-pa.googleapis.com/v1/projects/785750535804/clients/_:getWebAppConfig  
  
 Thu Jan 11 2018 04:57:42 GMT-0500 (Hora est. Pacífico, Sudamérica)
[debug] [2018-01-11T09:57:42.884Z] <<< HTTP RESPONSE 200
[debug] [2018-01-11T09:57:42.924Z] TypeError: Cannot read property 'public' of undefined
    at Server.<anonymous> (C:\Users\jess20\AppData\Roaming\npm\node_modules\firebase-tools\lib\serve\hosting.js:34:18)
    at Object.onceWrapper (events.js:313:30)
    at emitNone (events.js:106:13)
    at Server.emit (events.js:208:7)
    at emitListeningNT (net.js:1378:10)
    at _combinedTickCallback (internal/process/next_tick.js:135:11)
    at process._tickDomainCallback (internal/process/next_tick.js:218:9)
[error] 
[error] Error: An unexpected error has occurred.
